This file contains any messages produced by compilers while
running configure, to aid debugging if configure makes a mistake.

It was created by usbhid-dump configure 1.3, which was
generated by GNU Autoconf 2.69.  Invocation command line was

  $ ./configure --disable-option-checking --prefix= --host=arm-none-linux-gnueabi host_alias=arm-none-linux-gnueabi --cache-file=/dev/null --srcdir=.

## --------- ##
## Platform. ##
## --------- ##

hostname = xxha-PAF4
uname -m = i686
uname -r = 3.5.0-28-generic
uname -s = Linux
uname -v = #47-Ubuntu SMP Tue Apr 9 18:58:12 UTC 2013

/usr/bin/uname -p = unknown
/bin/uname -X     = unknown

/bin/arch              = unknown
/usr/bin/arch -k       = unknown
/usr/convex/getsysinfo = unknown
/usr/bin/hostinfo      = unknown
/bin/machine           = unknown
/usr/bin/oslevel       = unknown
/bin/universe          = unknown

PATH: /home/xxha/.rbenv/shims
PATH: /home/xxha/.rbenv/bin
PATH: /usr/local/sbin
PATH: /usr/local/bin
PATH: /usr/sbin
PATH: /usr/bin
PATH: /sbin
PATH: /bin
PATH: /usr/games
PATH: /usr/local/games
PATH: /home/xxha/cross_compile/gcc-4.1.2-glibc-2.5-nptl-3/arm-none-linux-gnueabi/bin/
PATH: /home/xxha/veex/igm/cross-tools/powerpc-860-linux-gnu/bin
PATH: /usr/local/arm/3.4.1/bin
PATH: /home/xxha/veex/tx300s/cross-tools/arm-fsl-linux-gnueabi/bin


## ----------- ##
## Core tests. ##
## ----------- ##

configure:2177: checking for a BSD-compatible install
configure:2245: result: /usr/bin/install -c
configure:2256: checking whether build environment is sane
configure:2311: result: yes
configure:2370: checking for arm-none-linux-gnueabi-strip
configure:2386: found /home/xxha/cross_compile/gcc-4.1.2-glibc-2.5-nptl-3/arm-none-linux-gnueabi/bin//arm-none-linux-gnueabi-strip
configure:2397: result: arm-none-linux-gnueabi-strip
configure:2462: checking for a thread-safe mkdir -p
configure:2501: result: /bin/mkdir -p
configure:2508: checking for gawk
configure:2524: found /usr/bin/gawk
configure:2535: result: gawk
configure:2546: checking whether make sets $(MAKE)
configure:2568: result: yes
configure:2650: checking whether to enable maintainer-specific portions of Makefiles
configure:2659: result: no
configure:2698: checking for arm-none-linux-gnueabi-gcc
configure:2714: found /home/xxha/cross_compile/gcc-4.1.2-glibc-2.5-nptl-3/arm-none-linux-gnueabi/bin//arm-none-linux-gnueabi-gcc
configure:2725: result: arm-none-linux-gnueabi-gcc
configure:2994: checking for C compiler version
configure:3003: arm-none-linux-gnueabi-gcc --version >&5
arm-none-linux-gnueabi-gcc (GCC) 4.1.2
Copyright (C) 2006 Free Software Foundation, Inc.
This is free software; see the source for copying conditions.  There is NO
warranty; not even for MERCHANTABILITY or FITNESS FOR A PARTICULAR PURPOSE.

configure:3014: $? = 0
configure:3003: arm-none-linux-gnueabi-gcc -v >&5
Using built-in specs.
Target: arm-none-linux-gnueabi
Configured with: /usr/src/redhat/BUILD/cross-mlib/source/gcc-4.1.2/configure --target=arm-none-linux-gnueabi --host=i686-host_pc-linux-gnu --prefix=/opt/freescale/usr/local/gcc-4.1.2-glibc-2.5-nptl-3/arm-none-linux-gnueabi --with-sysroot=/opt/freescale/usr/local/gcc-4.1.2-glibc-2.5-nptl-3/arm-none-linux-gnueabi/arm-none-linux-gnueabi/sysroot --enable-threads --enable-shared --disable-libssp --disable-libgomp --disable-libmudflap --enable-languages=c,c++ --enable-__cxa_atexit --disable-nls
Thread model: posix
gcc version 4.1.2
configure:3014: $? = 0
configure:3003: arm-none-linux-gnueabi-gcc -V >&5
arm-none-linux-gnueabi-gcc: '-V' option must have argument
configure:3014: $? = 1
configure:3003: arm-none-linux-gnueabi-gcc -qversion >&5
arm-none-linux-gnueabi-gcc: unrecognized option '-qversion'
arm-none-linux-gnueabi-gcc: no input files
configure:3014: $? = 1
configure:3034: checking whether the C compiler works
configure:3056: arm-none-linux-gnueabi-gcc -Os -Wall  -I/home/xxha/tools/libusb/usbutils/usbutils-007/usbhid-dump -I/home/xxha/tools/libusb/usbutils/usbutils-007/usbhid-dump/include -DNDEBUG   conftest.c  >&5
configure:3060: $? = 0
configure:3108: result: yes
configure:3111: checking for C compiler default output file name
configure:3113: result: a.out
configure:3119: checking for suffix of executables
configure:3126: arm-none-linux-gnueabi-gcc -o conftest -Os -Wall  -I/home/xxha/tools/libusb/usbutils/usbutils-007/usbhid-dump -I/home/xxha/tools/libusb/usbutils/usbutils-007/usbhid-dump/include -DNDEBUG   conftest.c  >&5
configure:3130: $? = 0
configure:3152: result: 
configure:3174: checking whether we are cross compiling
configure:3182: arm-none-linux-gnueabi-gcc -o conftest -Os -Wall  -I/home/xxha/tools/libusb/usbutils/usbutils-007/usbhid-dump -I/home/xxha/tools/libusb/usbutils/usbutils-007/usbhid-dump/include -DNDEBUG   conftest.c  >&5
configure:3186: $? = 0
configure:3193: ./conftest
./configure: line 3195: ./conftest: cannot execute binary file
configure:3197: $? = 126
configure:3212: result: yes
configure:3217: checking for suffix of object files
configure:3239: arm-none-linux-gnueabi-gcc -c -Os -Wall  -I/home/xxha/tools/libusb/usbutils/usbutils-007/usbhid-dump -I/home/xxha/tools/libusb/usbutils/usbutils-007/usbhid-dump/include -DNDEBUG  conftest.c >&5
configure:3243: $? = 0
configure:3264: result: o
configure:3268: checking whether we are using the GNU C compiler
configure:3287: arm-none-linux-gnueabi-gcc -c -Os -Wall  -I/home/xxha/tools/libusb/usbutils/usbutils-007/usbhid-dump -I/home/xxha/tools/libusb/usbutils/usbutils-007/usbhid-dump/include -DNDEBUG  conftest.c >&5
configure:3287: $? = 0
configure:3296: result: yes
configure:3305: checking whether arm-none-linux-gnueabi-gcc accepts -g
configure:3325: arm-none-linux-gnueabi-gcc -c -g -I/home/xxha/tools/libusb/usbutils/usbutils-007/usbhid-dump -I/home/xxha/tools/libusb/usbutils/usbutils-007/usbhid-dump/include -DNDEBUG  conftest.c >&5
configure:3325: $? = 0
configure:3366: result: yes
configure:3383: checking for arm-none-linux-gnueabi-gcc option to accept ISO C89
configure:3446: arm-none-linux-gnueabi-gcc  -c -Os -Wall  -I/home/xxha/tools/libusb/usbutils/usbutils-007/usbhid-dump -I/home/xxha/tools/libusb/usbutils/usbutils-007/usbhid-dump/include -DNDEBUG  conftest.c >&5
configure:3446: $? = 0
configure:3459: result: none needed
configure:3490: checking for style of include used by make
configure:3518: result: GNU
configure:3544: checking dependency style of arm-none-linux-gnueabi-gcc
configure:3655: result: gcc3
configure:3700: checking build system type
configure:3714: result: i686-pc-linux-gnu
configure:3734: checking host system type
configure:3747: result: arm-none-linux-gnueabi
configure:3788: checking how to print strings
configure:3815: result: printf
configure:3836: checking for a sed that does not truncate output
configure:3900: result: /bin/sed
configure:3918: checking for grep that handles long lines and -e
configure:3976: result: /bin/grep
configure:3981: checking for egrep
configure:4043: result: /bin/grep -E
configure:4048: checking for fgrep
configure:4110: result: /bin/grep -F
configure:4145: checking for ld used by arm-none-linux-gnueabi-gcc
configure:4212: result: /home/xxha/cross_compile/gcc-4.1.2-glibc-2.5-nptl-3/arm-none-linux-gnueabi/arm-none-linux-gnueabi/bin/ld
configure:4219: checking if the linker (/home/xxha/cross_compile/gcc-4.1.2-glibc-2.5-nptl-3/arm-none-linux-gnueabi/arm-none-linux-gnueabi/bin/ld) is GNU ld
configure:4234: result: yes
configure:4246: checking for BSD- or MS-compatible name lister (nm)
configure:4295: result: /home/xxha/cross_compile/gcc-4.1.2-glibc-2.5-nptl-3/arm-none-linux-gnueabi/bin//arm-none-linux-gnueabi-nm -B
configure:4425: checking the name lister (/home/xxha/cross_compile/gcc-4.1.2-glibc-2.5-nptl-3/arm-none-linux-gnueabi/bin//arm-none-linux-gnueabi-nm -B) interface
configure:4432: arm-none-linux-gnueabi-gcc -c -Os -Wall  -I/home/xxha/tools/libusb/usbutils/usbutils-007/usbhid-dump -I/home/xxha/tools/libusb/usbutils/usbutils-007/usbhid-dump/include -DNDEBUG  conftest.c >&5
configure:4435: /home/xxha/cross_compile/gcc-4.1.2-glibc-2.5-nptl-3/arm-none-linux-gnueabi/bin//arm-none-linux-gnueabi-nm -B "conftest.o"
configure:4438: output
00000000 B some_variable
configure:4445: result: BSD nm
configure:4448: checking whether ln -s works
configure:4452: result: yes
configure:4460: checking the maximum length of command line arguments
configure:4590: result: 1572864
configure:4607: checking whether the shell understands some XSI constructs
configure:4617: result: yes
configure:4621: checking whether the shell understands "+="
configure:4627: result: yes
configure:4662: checking how to convert i686-pc-linux-gnu file names to arm-none-linux-gnueabi format
configure:4702: result: func_convert_file_noop
configure:4709: checking how to convert i686-pc-linux-gnu file names to toolchain format
configure:4729: result: func_convert_file_noop
configure:4736: checking for /home/xxha/cross_compile/gcc-4.1.2-glibc-2.5-nptl-3/arm-none-linux-gnueabi/arm-none-linux-gnueabi/bin/ld option to reload object files
configure:4743: result: -r
configure:4777: checking for arm-none-linux-gnueabi-objdump
configure:4793: found /home/xxha/cross_compile/gcc-4.1.2-glibc-2.5-nptl-3/arm-none-linux-gnueabi/bin//arm-none-linux-gnueabi-objdump
configure:4804: result: arm-none-linux-gnueabi-objdump
configure:4876: checking how to recognize dependent libraries
configure:5078: result: pass_all
configure:5123: checking for arm-none-linux-gnueabi-dlltool
configure:5153: result: no
configure:5163: checking for dlltool
configure:5193: result: no
configure:5223: checking how to associate runtime and link libraries
configure:5250: result: printf %s\n
configure:5267: checking for arm-none-linux-gnueabi-ar
configure:5283: found /home/xxha/cross_compile/gcc-4.1.2-glibc-2.5-nptl-3/arm-none-linux-gnueabi/bin//arm-none-linux-gnueabi-ar
configure:5294: result: arm-none-linux-gnueabi-ar
configure:5375: checking for archiver @FILE support
configure:5392: arm-none-linux-gnueabi-gcc -c -Os -Wall  -I/home/xxha/tools/libusb/usbutils/usbutils-007/usbhid-dump -I/home/xxha/tools/libusb/usbutils/usbutils-007/usbhid-dump/include -DNDEBUG  conftest.c >&5
configure:5392: $? = 0
configure:5395: arm-none-linux-gnueabi-ar cru libconftest.a @conftest.lst >&5
configure:5398: $? = 0
configure:5403: arm-none-linux-gnueabi-ar cru libconftest.a @conftest.lst >&5
arm-none-linux-gnueabi-ar: conftest.o: No such file or directory
configure:5406: $? = 1
configure:5418: result: @
configure:5436: checking for arm-none-linux-gnueabi-strip
configure:5463: result: arm-none-linux-gnueabi-strip
configure:5535: checking for arm-none-linux-gnueabi-ranlib
configure:5551: found /home/xxha/cross_compile/gcc-4.1.2-glibc-2.5-nptl-3/arm-none-linux-gnueabi/bin//arm-none-linux-gnueabi-ranlib
configure:5562: result: arm-none-linux-gnueabi-ranlib
configure:5704: checking command to parse /home/xxha/cross_compile/gcc-4.1.2-glibc-2.5-nptl-3/arm-none-linux-gnueabi/bin//arm-none-linux-gnueabi-nm -B output from arm-none-linux-gnueabi-gcc object
configure:5824: arm-none-linux-gnueabi-gcc -c -Os -Wall  -I/home/xxha/tools/libusb/usbutils/usbutils-007/usbhid-dump -I/home/xxha/tools/libusb/usbutils/usbutils-007/usbhid-dump/include -DNDEBUG  conftest.c >&5
configure:5827: $? = 0
configure:5831: /home/xxha/cross_compile/gcc-4.1.2-glibc-2.5-nptl-3/arm-none-linux-gnueabi/bin//arm-none-linux-gnueabi-nm -B conftest.o \| sed -n -e 's/^.*[ ]\([ABCDGIRSTW][ABCDGIRSTW]*\)[ ][ ]*\([_A-Za-z][_A-Za-z0-9]*\)$/\1 \2 \2/p' | sed '/ __gnu_lto/d' \> conftest.nm
configure:5834: $? = 0
configure:5900: arm-none-linux-gnueabi-gcc -o conftest -Os -Wall  -I/home/xxha/tools/libusb/usbutils/usbutils-007/usbhid-dump -I/home/xxha/tools/libusb/usbutils/usbutils-007/usbhid-dump/include -DNDEBUG   conftest.c conftstm.o >&5
configure:5903: $? = 0
configure:5941: result: ok
configure:5978: checking for sysroot
configure:6008: result: no
configure:6224: checking for arm-none-linux-gnueabi-mt
configure:6254: result: no
configure:6264: checking for mt
configure:6280: found /bin/mt
configure:6291: result: mt
configure:6303: WARNING: using cross tools not prefixed with host triplet
configure:6314: checking if mt is a manifest tool
configure:6320: mt '-?'
configure:6328: result: no
configure:6970: checking how to run the C preprocessor
configure:7001: arm-none-linux-gnueabi-gcc -E -I/home/xxha/tools/libusb/usbutils/usbutils-007/usbhid-dump -I/home/xxha/tools/libusb/usbutils/usbutils-007/usbhid-dump/include -DNDEBUG  conftest.c
configure:7001: $? = 0
configure:7015: arm-none-linux-gnueabi-gcc -E -I/home/xxha/tools/libusb/usbutils/usbutils-007/usbhid-dump -I/home/xxha/tools/libusb/usbutils/usbutils-007/usbhid-dump/include -DNDEBUG  conftest.c
conftest.c:11:28: error: ac_nonexistent.h: No such file or directory
configure:7015: $? = 1
configure: failed program was:
| /* confdefs.h */
| #define PACKAGE_NAME "usbhid-dump"
| #define PACKAGE_TARNAME "usbhid-dump"
| #define PACKAGE_VERSION "1.3"
| #define PACKAGE_STRING "usbhid-dump 1.3"
| #define PACKAGE_BUGREPORT ""
| #define PACKAGE_URL ""
| #define PACKAGE "usbhid-dump"
| #define VERSION "1.3"
| /* end confdefs.h.  */
| #include <ac_nonexistent.h>
configure:7040: result: arm-none-linux-gnueabi-gcc -E
configure:7060: arm-none-linux-gnueabi-gcc -E -I/home/xxha/tools/libusb/usbutils/usbutils-007/usbhid-dump -I/home/xxha/tools/libusb/usbutils/usbutils-007/usbhid-dump/include -DNDEBUG  conftest.c
configure:7060: $? = 0
configure:7074: arm-none-linux-gnueabi-gcc -E -I/home/xxha/tools/libusb/usbutils/usbutils-007/usbhid-dump -I/home/xxha/tools/libusb/usbutils/usbutils-007/usbhid-dump/include -DNDEBUG  conftest.c
conftest.c:11:28: error: ac_nonexistent.h: No such file or directory
configure:7074: $? = 1
configure: failed program was:
| /* confdefs.h */
| #define PACKAGE_NAME "usbhid-dump"
| #define PACKAGE_TARNAME "usbhid-dump"
| #define PACKAGE_VERSION "1.3"
| #define PACKAGE_STRING "usbhid-dump 1.3"
| #define PACKAGE_BUGREPORT ""
| #define PACKAGE_URL ""
| #define PACKAGE "usbhid-dump"
| #define VERSION "1.3"
| /* end confdefs.h.  */
| #include <ac_nonexistent.h>
configure:7103: checking for ANSI C header files
configure:7123: arm-none-linux-gnueabi-gcc -c -Os -Wall  -I/home/xxha/tools/libusb/usbutils/usbutils-007/usbhid-dump -I/home/xxha/tools/libusb/usbutils/usbutils-007/usbhid-dump/include -DNDEBUG  conftest.c >&5
configure:7123: $? = 0
configure:7207: result: yes
configure:7220: checking for sys/types.h
configure:7220: arm-none-linux-gnueabi-gcc -c -Os -Wall  -I/home/xxha/tools/libusb/usbutils/usbutils-007/usbhid-dump -I/home/xxha/tools/libusb/usbutils/usbutils-007/usbhid-dump/include -DNDEBUG  conftest.c >&5
configure:7220: $? = 0
configure:7220: result: yes
configure:7220: checking for sys/stat.h
configure:7220: arm-none-linux-gnueabi-gcc -c -Os -Wall  -I/home/xxha/tools/libusb/usbutils/usbutils-007/usbhid-dump -I/home/xxha/tools/libusb/usbutils/usbutils-007/usbhid-dump/include -DNDEBUG  conftest.c >&5
configure:7220: $? = 0
configure:7220: result: yes
configure:7220: checking for stdlib.h
configure:7220: arm-none-linux-gnueabi-gcc -c -Os -Wall  -I/home/xxha/tools/libusb/usbutils/usbutils-007/usbhid-dump -I/home/xxha/tools/libusb/usbutils/usbutils-007/usbhid-dump/include -DNDEBUG  conftest.c >&5
configure:7220: $? = 0
configure:7220: result: yes
configure:7220: checking for string.h
configure:7220: arm-none-linux-gnueabi-gcc -c -Os -Wall  -I/home/xxha/tools/libusb/usbutils/usbutils-007/usbhid-dump -I/home/xxha/tools/libusb/usbutils/usbutils-007/usbhid-dump/include -DNDEBUG  conftest.c >&5
configure:7220: $? = 0
configure:7220: result: yes
configure:7220: checking for memory.h
configure:7220: arm-none-linux-gnueabi-gcc -c -Os -Wall  -I/home/xxha/tools/libusb/usbutils/usbutils-007/usbhid-dump -I/home/xxha/tools/libusb/usbutils/usbutils-007/usbhid-dump/include -DNDEBUG  conftest.c >&5
configure:7220: $? = 0
configure:7220: result: yes
configure:7220: checking for strings.h
configure:7220: arm-none-linux-gnueabi-gcc -c -Os -Wall  -I/home/xxha/tools/libusb/usbutils/usbutils-007/usbhid-dump -I/home/xxha/tools/libusb/usbutils/usbutils-007/usbhid-dump/include -DNDEBUG  conftest.c >&5
configure:7220: $? = 0
configure:7220: result: yes
configure:7220: checking for inttypes.h
configure:7220: arm-none-linux-gnueabi-gcc -c -Os -Wall  -I/home/xxha/tools/libusb/usbutils/usbutils-007/usbhid-dump -I/home/xxha/tools/libusb/usbutils/usbutils-007/usbhid-dump/include -DNDEBUG  conftest.c >&5
configure:7220: $? = 0
configure:7220: result: yes
configure:7220: checking for stdint.h
configure:7220: arm-none-linux-gnueabi-gcc -c -Os -Wall  -I/home/xxha/tools/libusb/usbutils/usbutils-007/usbhid-dump -I/home/xxha/tools/libusb/usbutils/usbutils-007/usbhid-dump/include -DNDEBUG  conftest.c >&5
configure:7220: $? = 0
configure:7220: result: yes
configure:7220: checking for unistd.h
configure:7220: arm-none-linux-gnueabi-gcc -c -Os -Wall  -I/home/xxha/tools/libusb/usbutils/usbutils-007/usbhid-dump -I/home/xxha/tools/libusb/usbutils/usbutils-007/usbhid-dump/include -DNDEBUG  conftest.c >&5
configure:7220: $? = 0
configure:7220: result: yes
configure:7234: checking for dlfcn.h
configure:7234: arm-none-linux-gnueabi-gcc -c -Os -Wall  -I/home/xxha/tools/libusb/usbutils/usbutils-007/usbhid-dump -I/home/xxha/tools/libusb/usbutils/usbutils-007/usbhid-dump/include -DNDEBUG  conftest.c >&5
configure:7234: $? = 0
configure:7234: result: yes
configure:7440: checking for objdir
configure:7455: result: .libs
configure:7726: checking if arm-none-linux-gnueabi-gcc supports -fno-rtti -fno-exceptions
configure:7744: arm-none-linux-gnueabi-gcc -c -Os -Wall  -I/home/xxha/tools/libusb/usbutils/usbutils-007/usbhid-dump -I/home/xxha/tools/libusb/usbutils/usbutils-007/usbhid-dump/include -DNDEBUG  -fno-rtti -fno-exceptions conftest.c >&5
cc1: warning: command line option "-fno-rtti" is valid for C++/ObjC++ but not for C
configure:7748: $? = 0
configure:7761: result: no
configure:8088: checking for arm-none-linux-gnueabi-gcc option to produce PIC
configure:8095: result: -fPIC -DPIC
configure:8103: checking if arm-none-linux-gnueabi-gcc PIC flag -fPIC -DPIC works
configure:8121: arm-none-linux-gnueabi-gcc -c -Os -Wall  -I/home/xxha/tools/libusb/usbutils/usbutils-007/usbhid-dump -I/home/xxha/tools/libusb/usbutils/usbutils-007/usbhid-dump/include -DNDEBUG  -fPIC -DPIC -DPIC conftest.c >&5
configure:8125: $? = 0
configure:8138: result: yes
configure:8167: checking if arm-none-linux-gnueabi-gcc static flag -static works
configure:8195: result: yes
configure:8210: checking if arm-none-linux-gnueabi-gcc supports -c -o file.o
configure:8231: arm-none-linux-gnueabi-gcc -c -Os -Wall  -I/home/xxha/tools/libusb/usbutils/usbutils-007/usbhid-dump -I/home/xxha/tools/libusb/usbutils/usbutils-007/usbhid-dump/include -DNDEBUG  -o out/conftest2.o conftest.c >&5
configure:8235: $? = 0
configure:8257: result: yes
configure:8265: checking if arm-none-linux-gnueabi-gcc supports -c -o file.o
configure:8312: result: yes
configure:8345: checking whether the arm-none-linux-gnueabi-gcc linker (/home/xxha/cross_compile/gcc-4.1.2-glibc-2.5-nptl-3/arm-none-linux-gnueabi/arm-none-linux-gnueabi/bin/ld) supports shared libraries
configure:9498: result: yes
configure:9535: checking whether -lc should be explicitly linked in
configure:9543: arm-none-linux-gnueabi-gcc -c -Os -Wall  -I/home/xxha/tools/libusb/usbutils/usbutils-007/usbhid-dump -I/home/xxha/tools/libusb/usbutils/usbutils-007/usbhid-dump/include -DNDEBUG  conftest.c >&5
configure:9546: $? = 0
configure:9561: arm-none-linux-gnueabi-gcc -shared  -fPIC -DPIC conftest.o  -v -Wl,-soname -Wl,conftest -o conftest 2\>\&1 \| /bin/grep  -lc  \>/dev/null 2\>\&1
configure:9564: $? = 0
configure:9578: result: no
configure:9738: checking dynamic linker characteristics
configure:10249: arm-none-linux-gnueabi-gcc -o conftest -Os -Wall  -I/home/xxha/tools/libusb/usbutils/usbutils-007/usbhid-dump -I/home/xxha/tools/libusb/usbutils/usbutils-007/usbhid-dump/include -DNDEBUG   -Wl,-rpath -Wl,/foo conftest.c  >&5
configure:10249: $? = 0
configure:10471: result: GNU/Linux ld.so
configure:10578: checking how to hardcode library paths into programs
configure:10603: result: immediate
configure:11143: checking whether stripping libraries is possible
configure:11148: result: yes
configure:11183: checking if libtool supports shared libraries
configure:11185: result: yes
configure:11188: checking whether to build shared libraries
configure:11209: result: yes
configure:11212: checking whether to build static libraries
configure:11216: result: yes
configure:11267: checking for arm-none-linux-gnueabi-pkg-config
configure:11300: result: no
configure:11310: checking for pkg-config
configure:11328: found /usr/bin/pkg-config
configure:11340: result: /usr/bin/pkg-config
configure:11365: checking pkg-config is at least version 0.9.0
configure:11368: result: yes
configure:11378: checking for LIBUSB
configure:11385: $PKG_CONFIG --exists --print-errors "libusb-1.0 >= 1.0.0"
configure:11388: $? = 0
configure:11401: $PKG_CONFIG --exists --print-errors "libusb-1.0 >= 1.0.0"
configure:11404: $? = 0
configure:11461: result: yes
configure:11510: checking for libusb_strerror
configure:11510: arm-none-linux-gnueabi-gcc -o conftest -Os -Wall  -I/usr/local/include/libusb-1.0   -I/home/xxha/tools/libusb/usbutils/usbutils-007/usbhid-dump -I/home/xxha/tools/libusb/usbutils/usbutils-007/usbhid-dump/include -DNDEBUG   conftest.c  -L/usr/local/lib -lusb-1.0   >&5
configure:11510: $? = 0
configure:11510: result: yes
configure:11634: checking that generated files are newer than configure
configure:11640: result: done
configure:11667: creating ./config.status

## ---------------------- ##
## Running config.status. ##
## ---------------------- ##

This file was extended by usbhid-dump config.status 1.3, which was
generated by GNU Autoconf 2.69.  Invocation command line was

  CONFIG_FILES    = 
  CONFIG_HEADERS  = 
  CONFIG_LINKS    = 
  CONFIG_COMMANDS = 
  $ ./config.status 

on xxha-PAF4

config.status:1090: creating Makefile
config.status:1090: creating include/Makefile
config.status:1090: creating include/uhd/Makefile
config.status:1090: creating lib/Makefile
config.status:1090: creating src/Makefile
config.status:1090: creating doc/Makefile
config.status:1090: creating config.h
config.status:1271: config.h is unchanged
config.status:1319: executing depfiles commands
config.status:1319: executing libtool commands

## ---------------- ##
## Cache variables. ##
## ---------------- ##

ac_cv_build=i686-pc-linux-gnu
ac_cv_c_compiler_gnu=yes
ac_cv_env_CC_set=
ac_cv_env_CC_value=
ac_cv_env_CFLAGS_set=
ac_cv_env_CFLAGS_value=
ac_cv_env_CPPFLAGS_set=
ac_cv_env_CPPFLAGS_value=
ac_cv_env_CPP_set=
ac_cv_env_CPP_value=
ac_cv_env_LDFLAGS_set=
ac_cv_env_LDFLAGS_value=
ac_cv_env_LIBS_set=
ac_cv_env_LIBS_value=
ac_cv_env_LIBUSB_CFLAGS_set=
ac_cv_env_LIBUSB_CFLAGS_value=
ac_cv_env_LIBUSB_LIBS_set=
ac_cv_env_LIBUSB_LIBS_value=
ac_cv_env_PKG_CONFIG_LIBDIR_set=
ac_cv_env_PKG_CONFIG_LIBDIR_value=
ac_cv_env_PKG_CONFIG_PATH_set=
ac_cv_env_PKG_CONFIG_PATH_value=
ac_cv_env_PKG_CONFIG_set=
ac_cv_env_PKG_CONFIG_value=
ac_cv_env_build_alias_set=
ac_cv_env_build_alias_value=
ac_cv_env_host_alias_set=set
ac_cv_env_host_alias_value=arm-none-linux-gnueabi
ac_cv_env_target_alias_set=
ac_cv_env_target_alias_value=
ac_cv_func_libusb_strerror=yes
ac_cv_header_dlfcn_h=yes
ac_cv_header_inttypes_h=yes
ac_cv_header_memory_h=yes
ac_cv_header_stdc=yes
ac_cv_header_stdint_h=yes
ac_cv_header_stdlib_h=yes
ac_cv_header_string_h=yes
ac_cv_header_strings_h=yes
ac_cv_header_sys_stat_h=yes
ac_cv_header_sys_types_h=yes
ac_cv_header_unistd_h=yes
ac_cv_host=arm-none-linux-gnueabi
ac_cv_objext=o
ac_cv_path_EGREP='/bin/grep -E'
ac_cv_path_FGREP='/bin/grep -F'
ac_cv_path_GREP=/bin/grep
ac_cv_path_SED=/bin/sed
ac_cv_path_ac_pt_PKG_CONFIG=/usr/bin/pkg-config
ac_cv_path_install='/usr/bin/install -c'
ac_cv_path_mkdir=/bin/mkdir
ac_cv_prog_AR=arm-none-linux-gnueabi-ar
ac_cv_prog_AWK=gawk
ac_cv_prog_CC=arm-none-linux-gnueabi-gcc
ac_cv_prog_CPP='arm-none-linux-gnueabi-gcc -E'
ac_cv_prog_OBJDUMP=arm-none-linux-gnueabi-objdump
ac_cv_prog_RANLIB=arm-none-linux-gnueabi-ranlib
ac_cv_prog_STRIP=arm-none-linux-gnueabi-strip
ac_cv_prog_ac_ct_MANIFEST_TOOL=mt
ac_cv_prog_cc_c89=
ac_cv_prog_cc_g=yes
ac_cv_prog_make_make_set=yes
am_cv_CC_dependencies_compiler_type=gcc3
lt_cv_ar_at_file=@
lt_cv_archive_cmds_need_lc=no
lt_cv_deplibs_check_method=pass_all
lt_cv_file_magic_cmd='$MAGIC_CMD'
lt_cv_file_magic_test_file=
lt_cv_ld_reload_flag=-r
lt_cv_nm_interface='BSD nm'
lt_cv_objdir=.libs
lt_cv_path_LD=/home/xxha/cross_compile/gcc-4.1.2-glibc-2.5-nptl-3/arm-none-linux-gnueabi/arm-none-linux-gnueabi/bin/ld
lt_cv_path_NM='/home/xxha/cross_compile/gcc-4.1.2-glibc-2.5-nptl-3/arm-none-linux-gnueabi/bin//arm-none-linux-gnueabi-nm -B'
lt_cv_path_mainfest_tool=no
lt_cv_prog_compiler_c_o=yes
lt_cv_prog_compiler_pic='-fPIC -DPIC'
lt_cv_prog_compiler_pic_works=yes
lt_cv_prog_compiler_rtti_exceptions=no
lt_cv_prog_compiler_static_works=yes
lt_cv_prog_gnu_ld=yes
lt_cv_sharedlib_from_linklib_cmd='printf %s\n'
lt_cv_shlibpath_overrides_runpath=no
lt_cv_sys_global_symbol_pipe='sed -n -e '\''s/^.*[	 ]\([ABCDGIRSTW][ABCDGIRSTW]*\)[	 ][	 ]*\([_A-Za-z][_A-Za-z0-9]*\)$/\1 \2 \2/p'\'' | sed '\''/ __gnu_lto/d'\'''
lt_cv_sys_global_symbol_to_c_name_address='sed -n -e '\''s/^: \([^ ]*\)[ ]*$/  {\"\1\", (void *) 0},/p'\'' -e '\''s/^[ABCDGIRSTW]* \([^ ]*\) \([^ ]*\)$/  {"\2", (void *) \&\2},/p'\'''
lt_cv_sys_global_symbol_to_c_name_address_lib_prefix='sed -n -e '\''s/^: \([^ ]*\)[ ]*$/  {\"\1\", (void *) 0},/p'\'' -e '\''s/^[ABCDGIRSTW]* \([^ ]*\) \(lib[^ ]*\)$/  {"\2", (void *) \&\2},/p'\'' -e '\''s/^[ABCDGIRSTW]* \([^ ]*\) \([^ ]*\)$/  {"lib\2", (void *) \&\2},/p'\'''
lt_cv_sys_global_symbol_to_cdecl='sed -n -e '\''s/^T .* \(.*\)$/extern int \1();/p'\'' -e '\''s/^[ABCDGIRSTW]* .* \(.*\)$/extern char \1;/p'\'''
lt_cv_sys_max_cmd_len=1572864
lt_cv_to_host_file_cmd=func_convert_file_noop
lt_cv_to_tool_file_cmd=func_convert_file_noop
pkg_cv_LIBUSB_CFLAGS='-I/usr/local/include/libusb-1.0  '
pkg_cv_LIBUSB_LIBS='-L/usr/local/lib -lusb-1.0  '

## ----------------- ##
## Output variables. ##
## ----------------- ##

ACLOCAL='${SHELL} /home/xxha/tools/libusb/usbutils/usbutils-007/usbhid-dump/auxdir/missing --run aclocal-1.12'
AMDEPBACKSLASH='\'
AMDEP_FALSE='#'
AMDEP_TRUE=''
AMTAR='$${TAR-tar}'
AR='arm-none-linux-gnueabi-ar'
AUTOCONF='${SHELL} /home/xxha/tools/libusb/usbutils/usbutils-007/usbhid-dump/auxdir/missing --run autoconf'
AUTOHEADER='${SHELL} /home/xxha/tools/libusb/usbutils/usbutils-007/usbhid-dump/auxdir/missing --run autoheader'
AUTOMAKE='${SHELL} /home/xxha/tools/libusb/usbutils/usbutils-007/usbhid-dump/auxdir/missing --run automake-1.12'
AWK='gawk'
CC='arm-none-linux-gnueabi-gcc'
CCDEPMODE='depmode=gcc3'
CFLAGS='-Os -Wall  -I/usr/local/include/libusb-1.0  '
CPP='arm-none-linux-gnueabi-gcc -E'
CPPFLAGS='-I/home/xxha/tools/libusb/usbutils/usbutils-007/usbhid-dump -I/home/xxha/tools/libusb/usbutils/usbutils-007/usbhid-dump/include -DNDEBUG '
CYGPATH_W='echo'
DEFS='-DHAVE_CONFIG_H'
DEPDIR='.deps'
DLLTOOL='false'
DSYMUTIL=''
DUMPBIN=''
ECHO_C=''
ECHO_N='-n'
ECHO_T=''
EGREP='/bin/grep -E'
EXEEXT=''
FGREP='/bin/grep -F'
GREP='/bin/grep'
INSTALL_DATA='${INSTALL} -m 644'
INSTALL_PROGRAM='${INSTALL}'
INSTALL_SCRIPT='${INSTALL}'
INSTALL_STRIP_PROGRAM='$(install_sh) -c -s'
LD='/home/xxha/cross_compile/gcc-4.1.2-glibc-2.5-nptl-3/arm-none-linux-gnueabi/arm-none-linux-gnueabi/bin/ld'
LDFLAGS=''
LIBOBJS=''
LIBS=' -L/usr/local/lib -lusb-1.0  '
LIBTOOL='$(SHELL) $(top_builddir)/libtool'
LIBUSB_CFLAGS='-I/usr/local/include/libusb-1.0  '
LIBUSB_LIBS='-L/usr/local/lib -lusb-1.0  '
LIPO=''
LN_S='ln -s'
LTLIBOBJS=''
MAINT='#'
MAINTAINER_MODE_FALSE=''
MAINTAINER_MODE_TRUE='#'
MAKEINFO='${SHELL} /home/xxha/tools/libusb/usbutils/usbutils-007/usbhid-dump/auxdir/missing --run makeinfo'
MANIFEST_TOOL=':'
MKDIR_P='/bin/mkdir -p'
NM='/home/xxha/cross_compile/gcc-4.1.2-glibc-2.5-nptl-3/arm-none-linux-gnueabi/bin//arm-none-linux-gnueabi-nm -B'
NMEDIT=''
OBJDUMP='arm-none-linux-gnueabi-objdump'
OBJEXT='o'
OTOOL64=''
OTOOL=''
PACKAGE='usbhid-dump'
PACKAGE_BUGREPORT=''
PACKAGE_NAME='usbhid-dump'
PACKAGE_STRING='usbhid-dump 1.3'
PACKAGE_TARNAME='usbhid-dump'
PACKAGE_URL=''
PACKAGE_VERSION='1.3'
PATH_SEPARATOR=':'
PKG_CONFIG='/usr/bin/pkg-config'
PKG_CONFIG_LIBDIR=''
PKG_CONFIG_PATH=''
RANLIB='arm-none-linux-gnueabi-ranlib'
SED='/bin/sed'
SET_MAKE=''
SHELL='/bin/sh'
STRIP='arm-none-linux-gnueabi-strip'
VERSION='1.3'
ac_ct_AR=''
ac_ct_CC=''
ac_ct_DUMPBIN=''
am__EXEEXT_FALSE=''
am__EXEEXT_TRUE='#'
am__fastdepCC_FALSE='#'
am__fastdepCC_TRUE=''
am__include='include'
am__isrc=''
am__leading_dot='.'
am__nodep='_no'
am__quote=''
am__tar='$${TAR-tar} chof - "$$tardir"'
am__untar='$${TAR-tar} xf -'
bindir='${exec_prefix}/bin'
build='i686-pc-linux-gnu'
build_alias=''
build_cpu='i686'
build_os='linux-gnu'
build_vendor='pc'
datadir='${datarootdir}'
datarootdir='${prefix}/share'
docdir='${datarootdir}/doc/${PACKAGE_TARNAME}'
dvidir='${docdir}'
exec_prefix='${prefix}'
host='arm-none-linux-gnueabi'
host_alias='arm-none-linux-gnueabi'
host_cpu='arm'
host_os='linux-gnueabi'
host_vendor='none'
htmldir='${docdir}'
includedir='${prefix}/include'
infodir='${datarootdir}/info'
install_sh='${SHELL} /home/xxha/tools/libusb/usbutils/usbutils-007/usbhid-dump/auxdir/install-sh'
libdir='${exec_prefix}/lib'
libexecdir='${exec_prefix}/libexec'
localedir='${datarootdir}/locale'
localstatedir='${prefix}/var'
mandir='${datarootdir}/man'
mkdir_p='/bin/mkdir -p'
oldincludedir='/usr/include'
pdfdir='${docdir}'
prefix=''
program_transform_name='s,x,x,'
psdir='${docdir}'
sbindir='${exec_prefix}/sbin'
sharedstatedir='${prefix}/com'
sysconfdir='${prefix}/etc'
target_alias=''

## ----------- ##
## confdefs.h. ##
## ----------- ##

/* confdefs.h */
#define PACKAGE_NAME "usbhid-dump"
#define PACKAGE_TARNAME "usbhid-dump"
#define PACKAGE_VERSION "1.3"
#define PACKAGE_STRING "usbhid-dump 1.3"
#define PACKAGE_BUGREPORT ""
#define PACKAGE_URL ""
#define PACKAGE "usbhid-dump"
#define VERSION "1.3"
#define STDC_HEADERS 1
#define HAVE_SYS_TYPES_H 1
#define HAVE_SYS_STAT_H 1
#define HAVE_STDLIB_H 1
#define HAVE_STRING_H 1
#define HAVE_MEMORY_H 1
#define HAVE_STRINGS_H 1
#define HAVE_INTTYPES_H 1
#define HAVE_STDINT_H 1
#define HAVE_UNISTD_H 1
#define HAVE_DLFCN_H 1
#define LT_OBJDIR ".libs/"
#define HAVE_LIBUSB_STRERROR 1

configure: exit 0
